<?xml version="1.0" encoding="UTF-8"?>
<!-- Generated by org.testng.reporters.JUnitReportReporter -->
<testsuite skipped="0" hostname="IB-SEZ-PC-490" name="com.surveymonkey.testcases.SignUp" tests="1" failures="0" timestamp="10 May 2019 09:31:58 GMT" time="130.750" errors="0">
  <testcase name="verifyPaidPlanForUser" time="130.750" classname="com.surveymonkey.testcases.SignUp"/>
</testsuite> <!-- com.surveymonkey.testcases.SignUp -->
