<?xml version="1.0" encoding="UTF-8"?>
<!-- Generated by org.testng.reporters.JUnitReportReporter -->
<testsuite skipped="0" hostname="IB-SEZ-PC-490" name="com.surveymonkey.testcases.PaidPlanForUser" tests="1" failures="0" timestamp="14 May 2019 11:57:41 GMT" time="155.475" errors="0">
  <testcase name="verifyPaidPlanForUser" time="155.475" classname="com.surveymonkey.testcases.PaidPlanForUser"/>
</testsuite> <!-- com.surveymonkey.testcases.PaidPlanForUser -->
