<?xml version="1.0" encoding="UTF-8"?>
<!-- Generated by org.testng.reporters.JUnitReportReporter -->
<testsuite skipped="0" hostname="IB-SEZ-PC-490" name="com.surveymonkey.testcases.PaidPlanForUser" tests="1" failures="0" timestamp="10 May 2019 11:54:47 GMT" time="150.074" errors="0">
  <testcase name="verifyPaidPlanForUser" time="150.074" classname="com.surveymonkey.testcases.PaidPlanForUser"/>
</testsuite> <!-- com.surveymonkey.testcases.PaidPlanForUser -->
